<?xml version="1.0" encoding="UTF-8"?>
<!-- Generated by org.testng.reporters.JUnitReportReporter -->
<testsuite hostname="Sangamesh123" failures="0" tests="4" name="com.tyss.sangamesh.datadriventesting.TestngTest" time="0.032" errors="0" timestamp="18 Jul 2022 16:57:24 GMT">
  <testcase classname="com.tyss.sangamesh.datadriventesting.TestngTest" name="testCase3Test" time="0.010"/>
  <testcase classname="com.tyss.sangamesh.datadriventesting.TestngTest" name="testCase1Test" time="0.007"/>
  <testcase classname="com.tyss.sangamesh.datadriventesting.TestngTest" name="testCase4Test" time="0.006"/>
  <testcase classname="com.tyss.sangamesh.datadriventesting.TestngTest" name="testCase2Test" time="0.009"/>
</testsuite> <!-- com.tyss.sangamesh.datadriventesting.TestngTest -->
