<?xml version="1.0" encoding="UTF-8"?>
<!-- Generated by org.testng.reporters.JUnitReportReporter -->
<testsuite hostname="Sangamesh123" failures="0" tests="1" name="com.tyss.sangamesh.datadriventesting.TestCase2Test" time="0.054" errors="0" timestamp="19 Jul 2022 05:22:35 GMT">
  <testcase classname="com.tyss.sangamesh.datadriventesting.TestCase2Test" name="lionTest" time="0.054"/>
</testsuite> <!-- com.tyss.sangamesh.datadriventesting.TestCase2Test -->
