<?xml version="1.0" encoding="UTF-8"?>
<!-- Generated by org.testng.reporters.JUnitReportReporter -->
<testsuite hostname="Sangamesh123" failures="0" tests="4" name="com.tyss.sangamesh.datadriventesting.TestCase3Test" time="0.024" errors="0" timestamp="18 Jul 2022 16:58:26 GMT">
  <testcase classname="com.tyss.sangamesh.datadriventesting.TestCase3Test" name="testYantra4Test" time="0.004"/>
  <testcase classname="com.tyss.sangamesh.datadriventesting.TestCase3Test" name="testYantra2Test" time="0.007"/>
  <testcase classname="com.tyss.sangamesh.datadriventesting.TestCase3Test" name="testYantra1Test" time="0.007"/>
  <testcase classname="com.tyss.sangamesh.datadriventesting.TestCase3Test" name="testYantra3Test" time="0.006"/>
</testsuite> <!-- com.tyss.sangamesh.datadriventesting.TestCase3Test -->
