<?xml version="1.0" encoding="UTF-8"?>
<!-- Generated by org.testng.reporters.JUnitReportReporter -->
<testsuite hostname="Sangamesh123" failures="0" tests="6" name="com.tyss.sangamesh.datadriventesting.AnimalsTest" time="0.104" errors="0" timestamp="18 Jul 2022 09:48:33 GMT">
  <testcase classname="com.tyss.sangamesh.datadriventesting.AnimalsTest" name="rabbitTest" time="0.013"/>
  <testcase classname="com.tyss.sangamesh.datadriventesting.AnimalsTest" name="elephentTest" time="0.055"/>
  <testcase classname="com.tyss.sangamesh.datadriventesting.AnimalsTest" name="tigerTest" time="0.008"/>
  <testcase classname="com.tyss.sangamesh.datadriventesting.AnimalsTest" name="lionTest" time="0.014"/>
  <testcase classname="com.tyss.sangamesh.datadriventesting.AnimalsTest" name="dogTest" time="0.008"/>
  <testcase classname="com.tyss.sangamesh.datadriventesting.AnimalsTest" name="monkeyTest" time="0.006"/>
</testsuite> <!-- com.tyss.sangamesh.datadriventesting.AnimalsTest -->
